
Invoking autoreconf in build directory: /Users/ciarraw/Documents/Code/Eclipse2021/Lab 1/

sh -c "autoreconf -i" 
sh: autoreconf: command not found

Configuration failed with error
Build stopped
()22:01:58 **** Build of configuration Debug for project Lab 1.0 ****
make all 
Building file: ../BasicContainer.cpp
Invoking: Cross G++ Compiler
g++ -O0 -g3 -Wall -c -fmessage-length=0 -MMD -MP -MF"BasicContainer.d" -MT"BasicContainer.o" -o "BasicContainer.o" "../BasicContainer.cpp"
Finished building: ../BasicContainer.cpp
 
Building file: ../GenericStack.cpp
Invoking: Cross G++ Compiler
g++ -O0 -g3 -Wall -c -fmessage-length=0 -MMD -MP -MF"GenericStack.d" -MT"GenericStack.o" -o "GenericStack.o" "../GenericStack.cpp"
Finished building: ../GenericStack.cpp
 
Building file: ../in2post.cpp
Invoking: Cross G++ Compiler
g++ -O0 -g3 -Wall -c -fmessage-length=0 -MMD -MP -MF"in2post.d" -MT"in2post.o" -o "in2post.o" "../in2post.cpp"
../in2post.cpp:17:19: error: no template named 'GenericStack'
void read_operand(GenericStack<T>& st, bool& flg, bool& flg1);
                  ^
../in2post.cpp:22:5: error: 'main' cannot be a template
int main()
    ^
../in2post.cpp:24:23: error: use of undeclared identifier 'c_operator'; did you mean 'operator'?
   GenericStack<char> c_operator;
                      ^~~~~~~~~~
                      operator
../in2post.cpp:24:4: error: no template named 'GenericStack'
   GenericStack<char> c_operator;
   ^
../in2post.cpp:24:33: error: expected a type
   GenericStack<char> c_operator;
                                ^
../in2post.cpp:26:4: error: no template named 'GenericStack'
   GenericStack<string> postfix;
   ^
../in2post.cpp:31:8: error: invalid operands to binary expression ('const char [42]' and 'const char [36]')
       +"Unable to evaluate postfix string!\n";
       ^~~~~~~~~~~~~~~~~~~~~~~~~~~~~~~~~~~~~~~
../in2post.cpp:33:8: error: invalid operands to binary expression ('const char [43]' and 'const char [36]')
       +"Unable to evaluate postfix string!\n";
       ^~~~~~~~~~~~~~~~~~~~~~~~~~~~~~~~~~~~~~~
../in2post.cpp:35:8: error: invalid operands to binary expression ('const char [30]' and 'const char [35]')
       +"Uable to evaluate postfix string!\n";
       ^~~~~~~~~~~~~~~~~~~~~~~~~~~~~~~~~~~~~~
../in2post.cpp:38:8: error: use of undeclared identifier 'c_operator'; did you mean 'operator'?
       c_operator.clear(); // clean the container before operation
       ^~~~~~~~~~
       operator
../in2post.cpp:38:18: error: expected a type
       c_operator.clear(); // clean the container before operation
                 ^
../in2post.cpp:77:20: error: use of undeclared identifier 'c_operator'; did you mean 'operator'?
               if (c_operator.empty()) {
                   ^~~~~~~~~~
                   operator
../in2post.cpp:77:30: error: expected a type
               if (c_operator.empty()) {
                             ^
../in2post.cpp:79:20: error: use of undeclared identifier 'c_operator'; did you mean 'operator'?
                   c_operator.push(operation);
                   ^~~~~~~~~~
                   operator
../in2post.cpp:79:30: error: expected a type
                   c_operator.push(operation);
                             ^
../in2post.cpp:81:27: error: use of undeclared identifier 'c_operator'; did you mean 'operator'?
               else if ((!c_operator.empty()) &&
                          ^~~~~~~~~~
                          operator
../in2post.cpp:81:37: error: expected a type
               else if ((!c_operator.empty()) &&
                                    ^
../in2post.cpp:82:52: error: use of undeclared identifier 'c_operator'; did you mean 'operator'?
                   (priority(operation) < priority(c_operator.top())))
                                                   ^~~~~~~~~~
                                                   operator
../in2post.cpp:82:62: error: expected a type
                   (priority(operation) < priority(c_operator.top())))
                                                             ^
fatal error: too many errors emitted, stopping now [-ferror-limit=]
20 errors generated.
make: *** [in2post.o] Error 1
"make all" terminated with exit code 2. Build might be incomplete.
14:33:06 **** Build of configuration Debug for project Lab 1.0 ****
make all 
Building file: ../GenericStack.cpp
Invoking: Cross G++ Compiler
g++ -O0 -g3 -Wall -c -fmessage-length=0 -MMD -MP -MF"GenericStack.d" -MT"GenericStack.o" -o "GenericStack.o" "../GenericStack.cpp"
In file included from ../GenericStack.cpp:1:
../GenericStack.h:5:9: error: 'BasicContainer.h' file not found with <angled> include; use "quotes" instead
#include<BasicContainer.h>
        ^~~~~~~~~~~~~~~~~~
        "BasicContainer.h"
../GenericStack.h:10:7: error: explicit specialization of undeclared template class 'GenericStack'
class GenericStack<T>: public BasicContainer<T>
      ^           ~~~
../GenericStack.h:10:31: error: unknown template name 'BasicContainer'
class GenericStack<T>: public BasicContainer<T>
                              ^
../GenericStack.h:24:22: error: overloaded 'operator<<' must be a binary operator (has 3 parameters)
       std::ostream& operator<< (std::ostream& os, const GenericStack& a);
                     ^
../GenericStack.h:25:13: error: overloaded 'operator==' must be a binary operator (has 3 parameters)
       bool operator== (const GenericStack&, const GenericStack &);
            ^
../GenericStack.h:26:13: error: overloaded 'operator<' must be a binary operator (has 3 parameters)
       bool operator< (const GenericStack& a, const GenericStack & b);
            ^
../GenericStack.h:29:12: error: duplicate member 'size'
       int size;
           ^
../GenericStack.h:22:12: note: previous declaration is here
       int size();
           ^
../GenericStack.cpp:7:21: error: unknown type name 'list'
   stackArray = new list(CAPACITY);
                    ^
../GenericStack.cpp:8:4: error: reference to non-static member function must be called
   size = 0;
   ^~~~
../GenericStack.cpp:18:21: error: unknown type name 'vector'; did you mean 'hecto'?
   stackArray = new vector(other.CAPACITY);
                    ^~~~~~
                    hecto
/Library/Developer/CommandLineTools/usr/bin/../include/c++/v1/ratio:282:43: note: 'hecto' declared here
typedef ratio<                100LL, 1LL> hecto;
                                          ^
../GenericStack.cpp:20:4: error: reference to non-static member function must be called
   size = other.size();
   ^~~~
../GenericStack.cpp:23:1: error: use of class template 'GenericStack' requires template arguments
GenericStack& GenericStack<T>::operator=(const GenericStack &other)
^
../GenericStack.h:10:7: note: template is declared here
class GenericStack<T>: public BasicContainer<T>
      ^
../GenericStack.cpp:25:21: error: unknown type name 'list'
   stackArray = new list(other.CAPACITY);
                    ^
../GenericStack.cpp:27:4: error: reference to non-static member function must be called
   size = other.size();
   ^~~~
../GenericStack.cpp:31:23: error: out-of-line definition of 'empty' does not match any declaration in 'GenericStack<T>'
bool GenericStack<T>::empty()
                      ^~~~~
../GenericStack.h:17:13: note: member declaration does not match because it is const qualified
       bool empty() const;
            ^       ~~~~~
../GenericStack.cpp:34:8: error: reference to non-static member function must be called
   if (size == 0)
       ^~~~
../GenericStack.cpp:42:8: error: reference to non-static member function must be called
   if (size == CAPACITY)
       ^~~~
../GenericStack.cpp:48:6: error: reference to non-static member function must be called
   ++size;
     ^~~~
../GenericStack.cpp:54:8: error: use of undeclared identifier 'isEmpty'
   if (isEmpty()) {
       ^
fatal error: too many errors emitted, stopping now [-ferror-limit=]
20 errors generated.
make: *** [GenericStack.o] Error 1
"make all" terminated with exit code 2. Build might be incomplete.
14:33:40 **** Incremental Build of configuration Debug for project Lab 1.0 ****
make all 
Building file: ../GenericStack.cpp
Invoking: Cross G++ Compiler
g++ -O0 -g3 -Wall -c -fmessage-length=0 -MMD -MP -MF"GenericStack.d" -MT"GenericStack.o" -o "GenericStack.o" "../GenericStack.cpp"
In file included from ../GenericStack.cpp:1:
../GenericStack.h:5:9: error: 'BasicContainer.h' file not found with <angled> include; use "quotes" instead
#include<BasicContainer.h>
        ^~~~~~~~~~~~~~~~~~
        "BasicContainer.h"
../GenericStack.h:10:7: error: explicit specialization of undeclared template class 'GenericStack'
class GenericStack<T>: public BasicContainer<T>
      ^           ~~~
../GenericStack.h:10:31: error: unknown template name 'BasicContainer'
class GenericStack<T>: public BasicContainer<T>
                              ^
../GenericStack.h:24:22: error: overloaded 'operator<<' must be a binary operator (has 3 parameters)
       std::ostream& operator<< (std::ostream& os, const GenericStack& a);
                     ^
../GenericStack.h:25:13: error: overloaded 'operator==' must be a binary operator (has 3 parameters)
       bool operator== (const GenericStack&, const GenericStack &);
            ^
../GenericStack.h:26:13: error: overloaded 'operator<' must be a binary operator (has 3 parameters)
       bool operator< (const GenericStack& a, const GenericStack & b);
            ^
../GenericStack.h:29:12: error: duplicate member 'size'
       int size;
           ^
../GenericStack.h:22:12: note: previous declaration is here
       int size();
           ^
../GenericStack.cpp:7:21: error: unknown type name 'list'
   stackArray = new list(CAPACITY);
                    ^
../GenericStack.cpp:8:4: error: reference to non-static member function must be called
   size = 0;
   ^~~~
../GenericStack.cpp:18:21: error: unknown type name 'vector'; did you mean 'hecto'?
   stackArray = new vector(other.CAPACITY);
                    ^~~~~~
                    hecto
/Library/Developer/CommandLineTools/usr/bin/../include/c++/v1/ratio:282:43: note: 'hecto' declared here
typedef ratio<                100LL, 1LL> hecto;
                                          ^
../GenericStack.cpp:20:4: error: reference to non-static member function must be called
   size = other.size();
   ^~~~
../GenericStack.cpp:23:1: error: use of class template 'GenericStack' requires template arguments
GenericStack& GenericStack<T>::operator=(const GenericStack &other)
^
../GenericStack.h:10:7: note: template is declared here
class GenericStack<T>: public BasicContainer<T>
      ^
../GenericStack.cpp:25:21: error: unknown type name 'list'
   stackArray = new list(other.CAPACITY);
                    ^
../GenericStack.cpp:27:4: error: reference to non-static member function must be called
   size = other.size();
   ^~~~
../GenericStack.cpp:31:23: error: out-of-line definition of 'empty' does not match any declaration in 'GenericStack<T>'
bool GenericStack<T>::empty()
                      ^~~~~
../GenericStack.h:17:13: note: member declaration does not match because it is const qualified
       bool empty() const;
            ^       ~~~~~
../GenericStack.cpp:34:8: error: reference to non-static member function must be called
   if (size == 0)
       ^~~~
../GenericStack.cpp:42:8: error: reference to non-static member function must be called
   if (size == CAPACITY)
       ^~~~
../GenericStack.cpp:48:6: error: reference to non-static member function must be called
   ++size;
     ^~~~
../GenericStack.cpp:54:8: error: use of undeclared identifier 'isEmpty'
   if (isEmpty()) {
       ^
fatal error: too many errors emitted, stopping now [-ferror-limit=]
20 errors generated.
make: *** [GenericStack.o] Error 1
"make all" terminated with exit code 2. Build might be incomplete.
14:38:54 **** Incremental Build of configuration Debug for project Lab 1.0 ****
make all 
Building file: ../GenericStack.cpp
Invoking: Cross G++ Compiler
g++ -O0 -g3 -Wall -c -fmessage-length=0 -MMD -MP -MF"GenericStack.d" -MT"GenericStack.o" -o "GenericStack.o" "../GenericStack.cpp"
In file included from ../GenericStack.cpp:1:
../GenericStack.h:5:9: error: 'BasicContainer.h' file not found with <angled> include; use "quotes" instead
#include<BasicContainer.h>
        ^~~~~~~~~~~~~~~~~~
        "BasicContainer.h"
../GenericStack.h:10:7: error: explicit specialization of undeclared template class 'GenericStack'
class GenericStack<T>: public BasicContainer<T>
      ^           ~~~
../GenericStack.h:10:31: error: unknown template name 'BasicContainer'
class GenericStack<T>: public BasicContainer<T>
                              ^
../GenericStack.h:24:22: error: overloaded 'operator<<' must be a binary operator (has 3 parameters)
       std::ostream& operator<< (std::ostream& os, const GenericStack& a);
                     ^
../GenericStack.h:25:13: error: overloaded 'operator==' must be a binary operator (has 3 parameters)
       bool operator== (const GenericStack&, const GenericStack &);
            ^
../GenericStack.h:26:13: error: overloaded 'operator<' must be a binary operator (has 3 parameters)
       bool operator< (const GenericStack& a, const GenericStack & b);
            ^
../GenericStack.h:29:12: error: duplicate member 'size'
       int size;
           ^
../GenericStack.h:22:12: note: previous declaration is here
       int size();
           ^
../GenericStack.cpp:7:21: error: unknown type name 'list'
   stackArray = new list(CAPACITY);
                    ^
../GenericStack.cpp:8:4: error: reference to non-static member function must be called
   size = 0;
   ^~~~
../GenericStack.cpp:18:21: error: unknown type name 'vector'; did you mean 'hecto'?
   stackArray = new vector(other.CAPACITY);
                    ^~~~~~
                    hecto
/Library/Developer/CommandLineTools/usr/bin/../include/c++/v1/ratio:282:43: note: 'hecto' declared here
typedef ratio<                100LL, 1LL> hecto;
                                          ^
../GenericStack.cpp:20:4: error: reference to non-static member function must be called
   size = other.size();
   ^~~~
../GenericStack.cpp:23:1: error: use of class template 'GenericStack' requires template arguments
GenericStack& GenericStack<T>::operator=(const GenericStack &other)
^
../GenericStack.h:10:7: note: template is declared here
class GenericStack<T>: public BasicContainer<T>
      ^
../GenericStack.cpp:25:21: error: unknown type name 'list'
   stackArray = new list(other.CAPACITY);
                    ^
../GenericStack.cpp:27:4: error: reference to non-static member function must be called
   size = other.size();
   ^~~~
../GenericStack.cpp:31:23: error: out-of-line definition of 'empty' does not match any declaration in 'GenericStack<T>'
bool GenericStack<T>::empty()
                      ^~~~~
../GenericStack.h:17:13: note: member declaration does not match because it is const qualified
       bool empty() const;
            ^       ~~~~~
../GenericStack.cpp:34:8: error: reference to non-static member function must be called
   if (size == 0)
       ^~~~
../GenericStack.cpp:42:8: error: reference to non-static member function must be called
   if (size == CAPACITY)
       ^~~~
../GenericStack.cpp:48:6: error: reference to non-static member function must be called
   ++size;
     ^~~~
../GenericStack.cpp:54:8: error: use of undeclared identifier 'isEmpty'
   if (isEmpty()) {
       ^
fatal error: too many errors emitted, stopping now [-ferror-limit=]
20 errors generated.
make: *** [GenericStack.o] Error 1
"make all" terminated with exit code 2. Build might be incomplete.
14:38:57 **** Build of configuration Debug for project Lab 2.0 ****
make all 
Building file: ../test1.cpp
Invoking: Cross G++ Compiler
g++ -O0 -g3 -Wall -c -fmessage-length=0 -MMD -MP -MF"test1.d" -MT"test1.o" -o "test1.o" "../test1.cpp"
Finished building: ../test1.cpp
 
Building target: Lab 2.0
Invoking: Cross G++ Linker
g++  -o "Lab 2.0"  ./test1.o   
Undefined symbols for architecture x86_64:
  "_main", referenced from:
     implicit entry/start for main executable
ld: symbol(s) not found for architecture x86_64
clang: error: linker command failed with exit code 1 (use -v to see invocation)
make: *** [Lab 2.0] Error 1
"make all" terminated with exit code 2. Build might be incomplete.
